<?xml version="1.0" encoding="UTF-8"?>
<testsuite xmlns:xsi="http://www.w3.org/2001/XMLSchema-instance" xsi:noNamespaceSchemaLocation="https://maven.apache.org/surefire/maven-surefire-plugin/xsd/surefire-test-report.xsd" version="3.0.2" name="TestSuite" time="16.625" tests="2" errors="0" skipped="0" failures="0">
  <properties>
[...]
</properties>
  <testcase name="verify_account_registration" classname="testCases.TC001_AccountRegistrationTest" time="2.861">
    <system-out><![CDATA[WARN StatusConsoleListener Unable to convert string [SYSTEM-OUT]. Using default value [null].
 java.lang.IllegalArgumentException: No enum constant org.apache.logging.log4j.core.appender.ConsoleAppender.Target.SYSTEM-OUT
	at java.base/java.lang.Enum.valueOf(Enum.java:293)
	at org.apache.logging.log4j.util.EnglishEnums.valueOf(EnglishEnums.java:69)
	at org.apache.logging.log4j.util.EnglishEnums.valueOf(EnglishEnums.java:52)
	at org.apache.logging.log4j.plugins.convert.TypeConverterFactory.lambda$getTypeConverter$3(TypeConverterFactory.java:77)
	at org.apache.logging.log4j.plugins.convert.TypeConverter.convert(TypeConverter.java:49)
	at org.apache.logging.log4j.plugins.di.resolver.AbstractAttributeFactoryResolver.lambda$getFactory$0(AbstractAttributeFactoryResolver.java:71)
	at org.apache.logging.log4j.plugins.di.InstanceFactory.getInstance(InstanceFactory.java:126)
	at org.apache.logging.log4j.plugins.di.DefaultInstanceFactory.injectField(DefaultInstanceFactory.java:384)
	at org.apache.logging.log4j.plugins.di.DefaultInstanceFactory.injectMembers(DefaultInstanceFactory.java:356)
	at org.apache.logging.log4j.plugins.di.DefaultInstanceFactory.lambda$createDefaultFactory$6(DefaultInstanceFactory.java:142)
	at org.apache.logging.log4j.plugins.di.InstanceFactory.getInstance(InstanceFactory.java:104)
	at org.apache.logging.log4j.core.config.ConfigurationProcessor.instantiate(ConfigurationProcessor.java:110)
	at org.apache.logging.log4j.core.config.ConfigurationProcessor.withNode(ConfigurationProcessor.java:85)
	at org.apache.logging.log4j.core.config.ConfigurationProcessor.processNodeTree(ConfigurationProcessor.java:74)
	at org.apache.logging.log4j.core.config.ConfigurationProcessor.withNode(ConfigurationProcessor.java:85)
	at org.apache.logging.log4j.core.config.ConfigurationProcessor.lambda$processNodeTree$0(ConfigurationProcessor.java:67)
	at java.base/java.util.ArrayList.forEach(ArrayList.java:1596)
	at org.apache.logging.log4j.core.config.ConfigurationProcessor.processNodeTree(ConfigurationProcessor.java:67)
	at org.apache.logging.log4j.core.config.AbstractConfiguration.createConfiguration(AbstractConfiguration.java:1094)
	at org.apache.logging.log4j.core.config.AbstractConfiguration.doConfigure(AbstractConfiguration.java:677)
	at org.apache.logging.log4j.core.config.AbstractConfiguration.initialize(AbstractConfiguration.java:272)
	at org.apache.logging.log4j.core.config.AbstractConfiguration.start(AbstractConfiguration.java:336)
	at org.apache.logging.log4j.core.LoggerContext.setConfiguration(LoggerContext.java:723)
	at org.apache.logging.log4j.core.LoggerContext.start(LoggerContext.java:361)
	at org.apache.logging.log4j.core.impl.Log4jContextFactory.startContext(Log4jContextFactory.java:430)
	at org.apache.logging.log4j.core.impl.Log4jContextFactory.getContext(Log4jContextFactory.java:161)
	at org.apache.logging.log4j.core.impl.Log4jContextFactory.getContext(Log4jContextFactory.java:49)
	at org.apache.logging.log4j.LogManager.getContext(LogManager.java:127)
	at org.apache.logging.log4j.LogManager.getLogger(LogManager.java:554)
	at testBase.BaseClass.setup(BaseClass.java:41)
	at java.base/jdk.internal.reflect.DirectMethodHandleAccessor.invoke(DirectMethodHandleAccessor.java:103)
	at java.base/java.lang.reflect.Method.invoke(Method.java:580)
	at org.testng.internal.invokers.MethodInvocationHelper.invokeMethod(MethodInvocationHelper.java:141)
	at org.testng.internal.invokers.MethodInvocationHelper.invokeMethodConsideringTimeout(MethodInvocationHelper.java:71)
	at org.testng.internal.invokers.ConfigInvoker.invokeConfigurationMethod(ConfigInvoker.java:400)
	at org.testng.internal.invokers.ConfigInvoker.invokeConfigurations(ConfigInvoker.java:333)
	at org.testng.internal.invokers.TestMethodWorker.invokeBeforeClassMethods(TestMethodWorker.java:188)
	at org.testng.internal.invokers.TestMethodWorker.run(TestMethodWorker.java:128)
	at java.base/java.util.ArrayList.forEach(ArrayList.java:1596)
	at org.testng.TestRunner.privateRun(TestRunner.java:739)
	at org.testng.TestRunner.run(TestRunner.java:614)
	at org.testng.SuiteRunner.runTest(SuiteRunner.java:421)
	at org.testng.SuiteRunner.runSequentially(SuiteRunner.java:413)
	at org.testng.SuiteRunner.privateRun(SuiteRunner.java:373)
	at org.testng.SuiteRunner.run(SuiteRunner.java:312)
	at org.testng.SuiteRunnerWorker.runSuite(SuiteRunnerWorker.java:52)
	at org.testng.SuiteRunnerWorker.run(SuiteRunnerWorker.java:95)
	at org.testng.TestNG.runSuitesSequentially(TestNG.java:1274)
	at org.testng.TestNG.runSuitesLocally(TestNG.java:1208)
	at org.testng.TestNG.runSuites(TestNG.java:1112)
	at org.testng.TestNG.run(TestNG.java:1079)
	at org.apache.maven.surefire.testng.TestNGExecutor.run(TestNGExecutor.java:308)
	at org.apache.maven.surefire.testng.TestNGXmlTestSuite.execute(TestNGXmlTestSuite.java:71)
	at org.apache.maven.surefire.testng.TestNGProvider.invoke(TestNGProvider.java:113)
	at org.apache.maven.surefire.booter.ForkedBooter.runSuitesInProcess(ForkedBooter.java:385)
	at org.apache.maven.surefire.booter.ForkedBooter.execute(ForkedBooter.java:162)
	at org.apache.maven.surefire.booter.ForkedBooter.run(ForkedBooter.java:507)
	at org.apache.maven.surefire.booter.ForkedBooter.main(ForkedBooter.java:495)
]]></system-out>
    <system-err><![CDATA[SLF4J: Failed to load class "org.slf4j.impl.StaticLoggerBinder".
SLF4J: Defaulting to no-operation (NOP) logger implementation
SLF4J: See http://www.slf4j.org/codes.html#StaticLoggerBinder for further details.
Oct 24, 2024 3:59:17 PM org.openqa.selenium.remote.tracing.opentelemetry.OpenTelemetryTracer createTracer
INFO: Using OpenTelemetry for tracing
]]></system-err>
  </testcase>
  <testcase name="verify_login" classname="testCases.TC002_LoginTest" time="1.892"/>
</testsuite>